Line 31: Class WMPLibCtl.WindowsMediaPlayer of control WindowsMediaPlayer1 was not a loaded control class.
Line 38: The property name URL in WindowsMediaPlayer1 is invalid.
Line 39: The property name rate in WindowsMediaPlayer1 is invalid.
Line 40: The property name balance in WindowsMediaPlayer1 is invalid.
Line 41: The property name currentPosition in WindowsMediaPlayer1 is invalid.
Line 42: The property name defaultFrame in WindowsMediaPlayer1 is invalid.
Line 43: The property name playCount in WindowsMediaPlayer1 is invalid.
Line 44: The property name autoStart in WindowsMediaPlayer1 is invalid.
Line 45: The property name currentMarker in WindowsMediaPlayer1 is invalid.
Line 46: The property name invokeURLs in WindowsMediaPlayer1 is invalid.
Line 47: The property name baseURL in WindowsMediaPlayer1 is invalid.
Line 48: The property name volume in WindowsMediaPlayer1 is invalid.
Line 49: The property name mute in WindowsMediaPlayer1 is invalid.
Line 50: The property name uiMode in WindowsMediaPlayer1 is invalid.
Line 51: The property name stretchToFit in WindowsMediaPlayer1 is invalid.
Line 52: The property name windowlessVideo in WindowsMediaPlayer1 is invalid.
Line 54: The property name enableContextMenu in WindowsMediaPlayer1 is invalid.
Line 55: The property name fullScreen in WindowsMediaPlayer1 is invalid.
Line 56: The property name SAMIStyle in WindowsMediaPlayer1 is invalid.
Line 57: The property name SAMILang in WindowsMediaPlayer1 is invalid.
Line 58: The property name SAMIFilename in WindowsMediaPlayer1 is invalid.
Line 59: The property name captioningID in WindowsMediaPlayer1 is invalid.
Line 60: The property name enableErrorDialogs in WindowsMediaPlayer1 is invalid.
Line 61: The property name _cx in WindowsMediaPlayer1 is invalid.
Line 62: The property name _cy in WindowsMediaPlayer1 is invalid.
